<?xml version="1.0" encoding="UTF-8"?>
<testng-results ignored="0" total="1" passed="1" failed="0" skipped="0">
  <reporter-output>
  </reporter-output>
  <suite started-at="2024-10-06T16:41:29Z" name="Suite" finished-at="2024-10-06T16:41:31Z" duration-ms="1368">
    <groups>
    </groups>
    <test started-at="2024-10-06T16:41:29Z" name="Test" finished-at="2024-10-06T16:41:31Z" duration-ms="1368">
      <class name="com.test.LoginTest">
        <test-method is-config="true" signature="setUP()[pri:0, instance:com.test.LoginTest@4044fb95]" started-at="2024-10-06T22:11:24Z" name="setUP" finished-at="2024-10-06T22:11:29Z" duration-ms="5365" status="PASS">
          <reporter-output>
          </reporter-output>
        </test-method> <!-- setUP -->
        <test-method signature="loginWithValidUserNameAndValidPassword()[pri:0, instance:com.test.LoginTest@4044fb95]" started-at="2024-10-06T22:11:29Z" name="loginWithValidUserNameAndValidPassword" finished-at="2024-10-06T22:11:31Z" duration-ms="1115" status="PASS">
          <reporter-output>
          </reporter-output>
        </test-method> <!-- loginWithValidUserNameAndValidPassword -->
        <test-method is-config="true" signature="tearDown()[pri:0, instance:com.test.LoginTest@4044fb95]" started-at="2024-10-06T22:11:31Z" name="tearDown" finished-at="2024-10-06T22:11:31Z" duration-ms="213" status="PASS">
          <reporter-output>
          </reporter-output>
        </test-method> <!-- tearDown -->
      </class> <!-- com.test.LoginTest -->
    </test> <!-- Test -->
  </suite> <!-- Suite -->
</testng-results>
